   1               		.file	"duration.cpp"
   2               	__SP_H__ = 0x3e
   3               	__SP_L__ = 0x3d
   4               	__SREG__ = 0x3f
   5               	__RAMPZ__ = 0x3b
   6               	__tmp_reg__ = 0
   7               	__zero_reg__ = 1
   8               		.text
   9               	.Ltext0:
  10               		.cfi_sections	.debug_frame
  11               	.global	_ZN3ros22normalizeSecNSecSignedERlS0_
  13               	_ZN3ros22normalizeSecNSecSignedERlS0_:
  14               	.LFB10:
  15               		.file 1 "ros_lib/duration.cpp"
   1:ros_lib/duration.cpp **** /*
   2:ros_lib/duration.cpp ****  * Software License Agreement (BSD License)
   3:ros_lib/duration.cpp ****  *
   4:ros_lib/duration.cpp ****  * Copyright (c) 2011, Willow Garage, Inc.
   5:ros_lib/duration.cpp ****  * All rights reserved.
   6:ros_lib/duration.cpp ****  *
   7:ros_lib/duration.cpp ****  * Redistribution and use in source and binary forms, with or without
   8:ros_lib/duration.cpp ****  * modification, are permitted provided that the following conditions
   9:ros_lib/duration.cpp ****  * are met:
  10:ros_lib/duration.cpp ****  *
  11:ros_lib/duration.cpp ****  *  * Redistributions of source code must retain the above copyright
  12:ros_lib/duration.cpp ****  *    notice, this list of conditions and the following disclaimer.
  13:ros_lib/duration.cpp ****  *  * Redistributions in binary form must reproduce the above
  14:ros_lib/duration.cpp ****  *    copyright notice, this list of conditions and the following
  15:ros_lib/duration.cpp ****  *    disclaimer in the documentation and/or other materials provided
  16:ros_lib/duration.cpp ****  *    with the distribution.
  17:ros_lib/duration.cpp ****  *  * Neither the name of Willow Garage, Inc. nor the names of its
  18:ros_lib/duration.cpp ****  *    contributors may be used to endorse or promote prducts derived
  19:ros_lib/duration.cpp ****  *    from this software without specific prior written permission.
  20:ros_lib/duration.cpp ****  *
  21:ros_lib/duration.cpp ****  * THIS SOFTWARE IS PROVIDED BY THE COPYRIGHT HOLDERS AND CONTRIBUTORS
  22:ros_lib/duration.cpp ****  * "AS IS" AND ANY EXPRESS OR IMPLIED WARRANTIES, INCLUDING, BUT NOT
  23:ros_lib/duration.cpp ****  * LIMITED TO, THE IMPLIED WARRANTIES OF MERCHANTABILITY AND FITNESS
  24:ros_lib/duration.cpp ****  * FOR A PARTICULAR PURPOSE ARE DISCLAIMED. IN NO EVENT SHALL THE
  25:ros_lib/duration.cpp ****  * COPYRIGHT OWNER OR CONTRIBUTORS BE LIABLE FOR ANY DIRECT, INDIRECT,
  26:ros_lib/duration.cpp ****  * INCIDENTAL, SPECIAL, EXEMPLARY, OR CONSEQUENTIAL DAMAGES (INCLUDING,
  27:ros_lib/duration.cpp ****  * BUT NOT LIMITED TO, PROCUREMENT OF SUBSTITUTE GOODS OR SERVICES;
  28:ros_lib/duration.cpp ****  * LOSS OF USE, DATA, OR PROFITS; OR BUSINESS INTERRUPTION) HOWEVER
  29:ros_lib/duration.cpp ****  * CAUSED AND ON ANY THEORY OF LIABILITY, WHETHER IN CONTRACT, STRICT
  30:ros_lib/duration.cpp ****  * LIABILITY, OR TORT (INCLUDING NEGLIGENCE OR OTHERWISE) ARISING IN
  31:ros_lib/duration.cpp ****  * ANY WAY OUT OF THE USE OF THIS SOFTWARE, EVEN IF ADVISED OF THE
  32:ros_lib/duration.cpp ****  * POSSIBILITY OF SUCH DAMAGE.
  33:ros_lib/duration.cpp ****  */
  34:ros_lib/duration.cpp **** 
  35:ros_lib/duration.cpp **** #include <math.h>
  36:ros_lib/duration.cpp **** #include "ros/duration.h"
  37:ros_lib/duration.cpp **** 
  38:ros_lib/duration.cpp **** namespace ros
  39:ros_lib/duration.cpp **** {
  40:ros_lib/duration.cpp **** void normalizeSecNSecSigned(int32_t &sec, int32_t &nsec)
  41:ros_lib/duration.cpp **** {
  16               		.loc 1 41 0
  17               		.cfi_startproc
  18               	.LVL0:
  19 0000 0F93      		push r16
  20               	.LCFI0:
  21               		.cfi_def_cfa_offset 4
  22               		.cfi_offset 16, -3
  23 0002 1F93      		push r17
  24               	.LCFI1:
  25               		.cfi_def_cfa_offset 5
  26               		.cfi_offset 17, -4
  27               	/* prologue: function */
  28               	/* frame size = 0 */
  29               	/* stack size = 2 */
  30               	.L__stack_usage = 2
  31 0004 FB01      		movw r30,r22
  42:ros_lib/duration.cpp ****   int32_t nsec_part = nsec;
  32               		.loc 1 42 0
  33 0006 4081      		ld r20,Z
  34 0008 5181      		ldd r21,Z+1
  35 000a 6281      		ldd r22,Z+2
  36 000c 7381      		ldd r23,Z+3
  37               	.LVL1:
  43:ros_lib/duration.cpp ****   int32_t sec_part = sec;
  38               		.loc 1 43 0
  39 000e DC01      		movw r26,r24
  40 0010 0D91      		ld r16,X+
  41 0012 1D91      		ld r17,X+
  42 0014 2D91      		ld r18,X+
  43 0016 3C91      		ld r19,X
  44               	.LVL2:
  45               	.L4:
  44:ros_lib/duration.cpp **** 
  45:ros_lib/duration.cpp ****   while (nsec_part > 1000000000L)
  46               		.loc 1 45 0
  47 0018 4130      		cpi r20,1
  48 001a BAEC      		ldi r27,-54
  49 001c 5B07      		cpc r21,r27
  50 001e BAE9      		ldi r27,-102
  51 0020 6B07      		cpc r22,r27
  52 0022 BBE3      		ldi r27,59
  53 0024 7B07      		cpc r23,r27
  54 0026 04F0      		brlt .L3
  46:ros_lib/duration.cpp ****   {
  47:ros_lib/duration.cpp ****     nsec_part -= 1000000000L;
  55               		.loc 1 47 0
  56 0028 5A5C      		subi r21,-54
  57 002a 6A49      		sbci r22,-102
  58 002c 7B43      		sbci r23,59
  59               	.LVL3:
  48:ros_lib/duration.cpp ****     ++sec_part;
  60               		.loc 1 48 0
  61 002e 0F5F      		subi r16,-1
  62 0030 1F4F      		sbci r17,-1
  63 0032 2F4F      		sbci r18,-1
  64 0034 3F4F      		sbci r19,-1
  65               	.LVL4:
  45:ros_lib/duration.cpp ****   {
  66               		.loc 1 45 0
  67 0036 00C0      		rjmp .L4
  68               	.L3:
  49:ros_lib/duration.cpp ****   }
  50:ros_lib/duration.cpp ****   while (nsec_part < 0)
  69               		.loc 1 50 0
  70 0038 77FF      		sbrs r23,7
  71 003a 00C0      		rjmp .L5
  51:ros_lib/duration.cpp ****   {
  52:ros_lib/duration.cpp ****     nsec_part += 1000000000L;
  72               		.loc 1 52 0
  73 003c 5653      		subi r21,54
  74 003e 6546      		sbci r22,101
  75 0040 744C      		sbci r23,-60
  76               	.LVL5:
  53:ros_lib/duration.cpp ****     --sec_part;
  77               		.loc 1 53 0
  78 0042 0150      		subi r16,1
  79 0044 1109      		sbc r17,__zero_reg__
  80 0046 2109      		sbc r18,__zero_reg__
  81 0048 3109      		sbc r19,__zero_reg__
  82               	.LVL6:
  50:ros_lib/duration.cpp ****   {
  83               		.loc 1 50 0
  84 004a 00C0      		rjmp .L3
  85               	.L5:
  54:ros_lib/duration.cpp ****   }
  55:ros_lib/duration.cpp ****   sec = sec_part;
  86               		.loc 1 55 0
  87 004c DC01      		movw r26,r24
  88 004e 0D93      		st X+,r16
  89 0050 1D93      		st X+,r17
  90 0052 2D93      		st X+,r18
  91 0054 3C93      		st X,r19
  92 0056 1397      		sbiw r26,3
  56:ros_lib/duration.cpp ****   nsec = nsec_part;
  93               		.loc 1 56 0
  94 0058 4083      		st Z,r20
  95 005a 5183      		std Z+1,r21
  96 005c 6283      		std Z+2,r22
  97 005e 7383      		std Z+3,r23
  98               	/* epilogue start */
  57:ros_lib/duration.cpp **** }
  99               		.loc 1 57 0
 100 0060 1F91      		pop r17
 101 0062 0F91      		pop r16
 102               	.LVL7:
 103 0064 0895      		ret
 104               		.cfi_endproc
 105               	.LFE10:
 107               	.global	_ZN3ros8DurationpLERKS0_
 109               	_ZN3ros8DurationpLERKS0_:
 110               	.LFB11:
  58:ros_lib/duration.cpp **** 
  59:ros_lib/duration.cpp **** Duration& Duration::operator+=(const Duration &rhs)
  60:ros_lib/duration.cpp **** {
 111               		.loc 1 60 0
 112               		.cfi_startproc
 113               	.LVL8:
 114 0066 0F93      		push r16
 115               	.LCFI2:
 116               		.cfi_def_cfa_offset 4
 117               		.cfi_offset 16, -3
 118 0068 1F93      		push r17
 119               	.LCFI3:
 120               		.cfi_def_cfa_offset 5
 121               		.cfi_offset 17, -4
 122 006a CF93      		push r28
 123               	.LCFI4:
 124               		.cfi_def_cfa_offset 6
 125               		.cfi_offset 28, -5
 126 006c DF93      		push r29
 127               	.LCFI5:
 128               		.cfi_def_cfa_offset 7
 129               		.cfi_offset 29, -6
 130               	/* prologue: function */
 131               	/* frame size = 0 */
 132               	/* stack size = 4 */
 133               	.L__stack_usage = 4
 134 006e EC01      		movw r28,r24
  61:ros_lib/duration.cpp ****   sec += rhs.sec;
 135               		.loc 1 61 0
 136 0070 0881      		ld r16,Y
 137 0072 1981      		ldd r17,Y+1
 138 0074 2A81      		ldd r18,Y+2
 139 0076 3B81      		ldd r19,Y+3
 140 0078 FB01      		movw r30,r22
 141 007a 8081      		ld r24,Z
 142 007c 9181      		ldd r25,Z+1
 143 007e A281      		ldd r26,Z+2
 144 0080 B381      		ldd r27,Z+3
 145               	.LVL9:
 146 0082 800F      		add r24,r16
 147 0084 911F      		adc r25,r17
 148 0086 A21F      		adc r26,r18
 149 0088 B31F      		adc r27,r19
 150 008a 8883      		st Y,r24
 151 008c 9983      		std Y+1,r25
 152 008e AA83      		std Y+2,r26
 153 0090 BB83      		std Y+3,r27
  62:ros_lib/duration.cpp ****   nsec += rhs.nsec;
 154               		.loc 1 62 0
 155 0092 0C81      		ldd r16,Y+4
 156 0094 1D81      		ldd r17,Y+5
 157 0096 2E81      		ldd r18,Y+6
 158 0098 3F81      		ldd r19,Y+7
 159 009a 8481      		ldd r24,Z+4
 160 009c 9581      		ldd r25,Z+5
 161 009e A681      		ldd r26,Z+6
 162 00a0 B781      		ldd r27,Z+7
 163 00a2 800F      		add r24,r16
 164 00a4 911F      		adc r25,r17
 165 00a6 A21F      		adc r26,r18
 166 00a8 B31F      		adc r27,r19
 167 00aa 8C83      		std Y+4,r24
 168 00ac 9D83      		std Y+5,r25
 169 00ae AE83      		std Y+6,r26
 170 00b0 BF83      		std Y+7,r27
  63:ros_lib/duration.cpp ****   normalizeSecNSecSigned(sec, nsec);
 171               		.loc 1 63 0
 172 00b2 BE01      		movw r22,r28
 173               	.LVL10:
 174 00b4 6C5F      		subi r22,-4
 175 00b6 7F4F      		sbci r23,-1
 176 00b8 CE01      		movw r24,r28
 177 00ba 0E94 0000 		call _ZN3ros22normalizeSecNSecSignedERlS0_
 178               	.LVL11:
  64:ros_lib/duration.cpp ****   return *this;
  65:ros_lib/duration.cpp **** }
 179               		.loc 1 65 0
 180 00be CE01      		movw r24,r28
 181               	/* epilogue start */
 182 00c0 DF91      		pop r29
 183 00c2 CF91      		pop r28
 184               	.LVL12:
 185 00c4 1F91      		pop r17
 186 00c6 0F91      		pop r16
 187 00c8 0895      		ret
 188               		.cfi_endproc
 189               	.LFE11:
 191               	.global	_ZN3ros8DurationmIERKS0_
 193               	_ZN3ros8DurationmIERKS0_:
 194               	.LFB12:
  66:ros_lib/duration.cpp **** 
  67:ros_lib/duration.cpp **** Duration& Duration::operator-=(const Duration &rhs)
  68:ros_lib/duration.cpp **** {
 195               		.loc 1 68 0
 196               		.cfi_startproc
 197               	.LVL13:
 198 00ca 0F93      		push r16
 199               	.LCFI6:
 200               		.cfi_def_cfa_offset 4
 201               		.cfi_offset 16, -3
 202 00cc 1F93      		push r17
 203               	.LCFI7:
 204               		.cfi_def_cfa_offset 5
 205               		.cfi_offset 17, -4
 206 00ce CF93      		push r28
 207               	.LCFI8:
 208               		.cfi_def_cfa_offset 6
 209               		.cfi_offset 28, -5
 210 00d0 DF93      		push r29
 211               	.LCFI9:
 212               		.cfi_def_cfa_offset 7
 213               		.cfi_offset 29, -6
 214               	/* prologue: function */
 215               	/* frame size = 0 */
 216               	/* stack size = 4 */
 217               	.L__stack_usage = 4
 218 00d2 EC01      		movw r28,r24
  69:ros_lib/duration.cpp ****   sec += -rhs.sec;
 219               		.loc 1 69 0
 220 00d4 8881      		ld r24,Y
 221 00d6 9981      		ldd r25,Y+1
 222 00d8 AA81      		ldd r26,Y+2
 223 00da BB81      		ldd r27,Y+3
 224               	.LVL14:
 225 00dc FB01      		movw r30,r22
 226 00de 0081      		ld r16,Z
 227 00e0 1181      		ldd r17,Z+1
 228 00e2 2281      		ldd r18,Z+2
 229 00e4 3381      		ldd r19,Z+3
 230 00e6 801B      		sub r24,r16
 231 00e8 910B      		sbc r25,r17
 232 00ea A20B      		sbc r26,r18
 233 00ec B30B      		sbc r27,r19
 234 00ee 8883      		st Y,r24
 235 00f0 9983      		std Y+1,r25
 236 00f2 AA83      		std Y+2,r26
 237 00f4 BB83      		std Y+3,r27
  70:ros_lib/duration.cpp ****   nsec += -rhs.nsec;
 238               		.loc 1 70 0
 239 00f6 8C81      		ldd r24,Y+4
 240 00f8 9D81      		ldd r25,Y+5
 241 00fa AE81      		ldd r26,Y+6
 242 00fc BF81      		ldd r27,Y+7
 243 00fe 4481      		ldd r20,Z+4
 244 0100 5581      		ldd r21,Z+5
 245 0102 6681      		ldd r22,Z+6
 246 0104 7781      		ldd r23,Z+7
 247 0106 841B      		sub r24,r20
 248 0108 950B      		sbc r25,r21
 249 010a A60B      		sbc r26,r22
 250 010c B70B      		sbc r27,r23
 251 010e 8C83      		std Y+4,r24
 252 0110 9D83      		std Y+5,r25
 253 0112 AE83      		std Y+6,r26
 254 0114 BF83      		std Y+7,r27
  71:ros_lib/duration.cpp ****   normalizeSecNSecSigned(sec, nsec);
 255               		.loc 1 71 0
 256 0116 BE01      		movw r22,r28
 257               	.LVL15:
 258 0118 6C5F      		subi r22,-4
 259 011a 7F4F      		sbci r23,-1
 260 011c CE01      		movw r24,r28
 261 011e 0E94 0000 		call _ZN3ros22normalizeSecNSecSignedERlS0_
 262               	.LVL16:
  72:ros_lib/duration.cpp ****   return *this;
  73:ros_lib/duration.cpp **** }
 263               		.loc 1 73 0
 264 0122 CE01      		movw r24,r28
 265               	/* epilogue start */
 266 0124 DF91      		pop r29
 267 0126 CF91      		pop r28
 268               	.LVL17:
 269 0128 1F91      		pop r17
 270 012a 0F91      		pop r16
 271 012c 0895      		ret
 272               		.cfi_endproc
 273               	.LFE12:
 275               	.global	__floatsisf
 276               	.global	__mulsf3
 277               	.global	__fixsfsi
 278               	.global	_ZN3ros8DurationmLEd
 280               	_ZN3ros8DurationmLEd:
 281               	.LFB13:
  74:ros_lib/duration.cpp **** 
  75:ros_lib/duration.cpp **** Duration& Duration::operator*=(double scale)
  76:ros_lib/duration.cpp **** {
 282               		.loc 1 76 0
 283               		.cfi_startproc
 284               	.LVL18:
 285 012e CF92      		push r12
 286               	.LCFI10:
 287               		.cfi_def_cfa_offset 4
 288               		.cfi_offset 12, -3
 289 0130 DF92      		push r13
 290               	.LCFI11:
 291               		.cfi_def_cfa_offset 5
 292               		.cfi_offset 13, -4
 293 0132 EF92      		push r14
 294               	.LCFI12:
 295               		.cfi_def_cfa_offset 6
 296               		.cfi_offset 14, -5
 297 0134 FF92      		push r15
 298               	.LCFI13:
 299               		.cfi_def_cfa_offset 7
 300               		.cfi_offset 15, -6
 301 0136 CF93      		push r28
 302               	.LCFI14:
 303               		.cfi_def_cfa_offset 8
 304               		.cfi_offset 28, -7
 305 0138 DF93      		push r29
 306               	.LCFI15:
 307               		.cfi_def_cfa_offset 9
 308               		.cfi_offset 29, -8
 309               	/* prologue: function */
 310               	/* frame size = 0 */
 311               	/* stack size = 6 */
 312               	.L__stack_usage = 6
 313 013a EC01      		movw r28,r24
 314 013c 6A01      		movw r12,r20
 315 013e 7B01      		movw r14,r22
  77:ros_lib/duration.cpp ****   sec *= scale;
 316               		.loc 1 77 0
 317 0140 6881      		ld r22,Y
 318 0142 7981      		ldd r23,Y+1
 319 0144 8A81      		ldd r24,Y+2
 320 0146 9B81      		ldd r25,Y+3
 321 0148 0E94 0000 		call __floatsisf
 322               	.LVL19:
 323 014c A701      		movw r20,r14
 324 014e 9601      		movw r18,r12
 325 0150 0E94 0000 		call __mulsf3
 326               	.LVL20:
 327 0154 0E94 0000 		call __fixsfsi
 328               	.LVL21:
 329 0158 6883      		st Y,r22
 330 015a 7983      		std Y+1,r23
 331 015c 8A83      		std Y+2,r24
 332 015e 9B83      		std Y+3,r25
  78:ros_lib/duration.cpp ****   nsec *= scale;
 333               		.loc 1 78 0
 334 0160 6C81      		ldd r22,Y+4
 335 0162 7D81      		ldd r23,Y+5
 336 0164 8E81      		ldd r24,Y+6
 337 0166 9F81      		ldd r25,Y+7
 338 0168 0E94 0000 		call __floatsisf
 339               	.LVL22:
 340 016c A701      		movw r20,r14
 341 016e 9601      		movw r18,r12
 342 0170 0E94 0000 		call __mulsf3
 343               	.LVL23:
 344 0174 0E94 0000 		call __fixsfsi
 345               	.LVL24:
 346 0178 6C83      		std Y+4,r22
 347 017a 7D83      		std Y+5,r23
 348 017c 8E83      		std Y+6,r24
 349 017e 9F83      		std Y+7,r25
  79:ros_lib/duration.cpp ****   normalizeSecNSecSigned(sec, nsec);
 350               		.loc 1 79 0
 351 0180 BE01      		movw r22,r28
 352 0182 6C5F      		subi r22,-4
 353 0184 7F4F      		sbci r23,-1
 354 0186 CE01      		movw r24,r28
 355 0188 0E94 0000 		call _ZN3ros22normalizeSecNSecSignedERlS0_
 356               	.LVL25:
  80:ros_lib/duration.cpp ****   return *this;
  81:ros_lib/duration.cpp **** }
 357               		.loc 1 81 0
 358 018c CE01      		movw r24,r28
 359               	/* epilogue start */
 360 018e DF91      		pop r29
 361 0190 CF91      		pop r28
 362               	.LVL26:
 363 0192 FF90      		pop r15
 364 0194 EF90      		pop r14
 365 0196 DF90      		pop r13
 366 0198 CF90      		pop r12
 367               	.LVL27:
 368 019a 0895      		ret
 369               		.cfi_endproc
 370               	.LFE13:
 372               	.Letext0:
 373               		.file 2 "ros_lib/ros/duration.h"
 374               		.file 3 "/usr/lib/avr/include/stdint.h"
DEFINED SYMBOLS
                            *ABS*:0000000000000000 duration.cpp
     /tmp/ccXk8Gcv.s:2      *ABS*:000000000000003e __SP_H__
     /tmp/ccXk8Gcv.s:3      *ABS*:000000000000003d __SP_L__
     /tmp/ccXk8Gcv.s:4      *ABS*:000000000000003f __SREG__
     /tmp/ccXk8Gcv.s:5      *ABS*:000000000000003b __RAMPZ__
     /tmp/ccXk8Gcv.s:6      *ABS*:0000000000000000 __tmp_reg__
     /tmp/ccXk8Gcv.s:7      *ABS*:0000000000000001 __zero_reg__
     /tmp/ccXk8Gcv.s:13     .text:0000000000000000 _ZN3ros22normalizeSecNSecSignedERlS0_
     /tmp/ccXk8Gcv.s:109    .text:0000000000000066 _ZN3ros8DurationpLERKS0_
     /tmp/ccXk8Gcv.s:193    .text:00000000000000ca _ZN3ros8DurationmIERKS0_
     /tmp/ccXk8Gcv.s:280    .text:000000000000012e _ZN3ros8DurationmLEd

UNDEFINED SYMBOLS
__floatsisf
__mulsf3
__fixsfsi
